<?xml version="1.0" encoding="UTF-8"?>
<testsuite name="org.openmuc.framework.driver.csv.DeviceScanSettingsTest" tests="8" skipped="0" failures="0" errors="0" timestamp="2025-02-10T10:43:09" hostname="TEA" time="0.011">
  <properties/>
  <testcase name="testWrongArgument()" classname="org.openmuc.framework.driver.csv.DeviceScanSettingsTest" time="0.002"/>
  <testcase name="testArgumentsEmptyString()" classname="org.openmuc.framework.driver.csv.DeviceScanSettingsTest" time="0.001"/>
  <testcase name="testArgumentCorrectEndingWithoutSlash()" classname="org.openmuc.framework.driver.csv.DeviceScanSettingsTest" time="0.001"/>
  <testcase name="testWrongArgumentPathDoesNotExist()" classname="org.openmuc.framework.driver.csv.DeviceScanSettingsTest" time="0.0"/>
  <testcase name="testArgumentIncomplete1()" classname="org.openmuc.framework.driver.csv.DeviceScanSettingsTest" time="0.0"/>
  <testcase name="testArgumentIncomplete2()" classname="org.openmuc.framework.driver.csv.DeviceScanSettingsTest" time="0.001"/>
  <testcase name="testArgumentCorrectEndingWithSlash()" classname="org.openmuc.framework.driver.csv.DeviceScanSettingsTest" time="0.001"/>
  <testcase name="testArgumentsNull()" classname="org.openmuc.framework.driver.csv.DeviceScanSettingsTest" time="0.001"/>
  <system-out><![CDATA[11:43:09.401 [OpenMUC Data Manager Pool - thread-1] WARN org.openmuc.framework.driver.csv.CsvDeviceConnection - EmptyChannelAddressException: Invalid Channel Address: this-column-does-not-exist
11:43:09.401 [OpenMUC Data Manager Pool - thread-1] WARN org.openmuc.framework.driver.csv.CsvDeviceConnection - EmptyChannelAddressException: No ChannelAddress for channel hhmmss
11:43:09.401 [OpenMUC Data Manager Pool - thread-1] WARN org.openmuc.framework.driver.csv.CsvDeviceConnection - EmptyChannelAddressException: No ChannelAddress for channel hhmmss
]]></system-out>
  <system-err><![CDATA[]]></system-err>
</testsuite>
