<?xml version="1.0" encoding="UTF-8"?>
<testsuite name="org.openmuc.framework.driver.csv.SamplingModeHhmmssTest" tests="5" skipped="0" failures="0" errors="0" timestamp="2025-02-10T10:43:09" hostname="TEA" time="0.812">
  <properties/>
  <testcase name="testBeforeAvailableData()" classname="org.openmuc.framework.driver.csv.SamplingModeHhmmssTest" time="0.776"/>
  <testcase name="testNewDayWithoutRewind()" classname="org.openmuc.framework.driver.csv.SamplingModeHhmmssTest" time="0.014"/>
  <testcase name="testAfterAvailableData()" classname="org.openmuc.framework.driver.csv.SamplingModeHhmmssTest" time="0.005"/>
  <testcase name="testNewDayRewind()" classname="org.openmuc.framework.driver.csv.SamplingModeHhmmssTest" time="0.007"/>
  <testcase name="testNormal()" classname="org.openmuc.framework.driver.csv.SamplingModeHhmmssTest" time="0.009"/>
  <system-out><![CDATA[11:43:09.506 [OpenMUC Data Manager Pool - thread-1] WARN org.openmuc.framework.driver.csv.CsvDeviceConnection - EmptyChannelAddressException: Invalid Channel Address: this-column-does-not-exist
11:43:09.506 [OpenMUC Data Manager Pool - thread-1] WARN org.openmuc.framework.driver.csv.CsvDeviceConnection - EmptyChannelAddressException: No ChannelAddress for channel hhmmss
11:43:09.506 [OpenMUC Data Manager Pool - thread-1] WARN org.openmuc.framework.driver.csv.CsvDeviceConnection - EmptyChannelAddressException: No ChannelAddress for channel hhmmss
11:43:09.600 [OpenMUC Data Manager Pool - thread-1] WARN org.openmuc.framework.driver.csv.CsvDeviceConnection - EmptyChannelAddressException: No ChannelAddress for channel hhmmss
11:43:09.600 [OpenMUC Data Manager Pool - thread-1] WARN org.openmuc.framework.driver.csv.CsvDeviceConnection - EmptyChannelAddressException: Invalid Channel Address: this-column-does-not-exist
11:43:09.600 [OpenMUC Data Manager Pool - thread-1] WARN org.openmuc.framework.driver.csv.CsvDeviceConnection - EmptyChannelAddressException: No ChannelAddress for channel hhmmss
11:43:09.713 [OpenMUC Data Manager Pool - thread-1] WARN org.openmuc.framework.driver.csv.CsvDeviceConnection - EmptyChannelAddressException: Invalid Channel Address: this-column-does-not-exist
11:43:09.713 [OpenMUC Data Manager Pool - thread-1] WARN org.openmuc.framework.driver.csv.CsvDeviceConnection - EmptyChannelAddressException: No ChannelAddress for channel hhmmss
11:43:09.713 [OpenMUC Data Manager Pool - thread-1] WARN org.openmuc.framework.driver.csv.CsvDeviceConnection - EmptyChannelAddressException: No ChannelAddress for channel hhmmss
11:43:09.801 [OpenMUC Data Manager Pool - thread-1] WARN org.openmuc.framework.driver.csv.CsvDeviceConnection - EmptyChannelAddressException: Invalid Channel Address: this-column-does-not-exist
11:43:09.801 [OpenMUC Data Manager Pool - thread-1] WARN org.openmuc.framework.driver.csv.CsvDeviceConnection - EmptyChannelAddressException: No ChannelAddress for channel hhmmss
11:43:09.801 [OpenMUC Data Manager Pool - thread-1] WARN org.openmuc.framework.driver.csv.CsvDeviceConnection - EmptyChannelAddressException: No ChannelAddress for channel hhmmss
11:43:09.901 [OpenMUC Data Manager Pool - thread-1] WARN org.openmuc.framework.driver.csv.CsvDeviceConnection - EmptyChannelAddressException: No ChannelAddress for channel hhmmss
11:43:09.901 [OpenMUC Data Manager Pool - thread-1] WARN org.openmuc.framework.driver.csv.CsvDeviceConnection - EmptyChannelAddressException: Invalid Channel Address: this-column-does-not-exist
11:43:09.901 [OpenMUC Data Manager Pool - thread-1] WARN org.openmuc.framework.driver.csv.CsvDeviceConnection - EmptyChannelAddressException: No ChannelAddress for channel hhmmss
11:43:10.001 [OpenMUC Data Manager Pool - thread-1] WARN org.openmuc.framework.driver.csv.CsvDeviceConnection - EmptyChannelAddressException: No ChannelAddress for channel hhmmss
11:43:10.001 [OpenMUC Data Manager Pool - thread-1] WARN org.openmuc.framework.driver.csv.CsvDeviceConnection - EmptyChannelAddressException: Invalid Channel Address: this-column-does-not-exist
11:43:10.001 [OpenMUC Data Manager Pool - thread-1] WARN org.openmuc.framework.driver.csv.CsvDeviceConnection - EmptyChannelAddressException: No ChannelAddress for channel hhmmss
11:43:10.100 [OpenMUC Data Manager Pool - thread-1] WARN org.openmuc.framework.driver.csv.CsvDeviceConnection - EmptyChannelAddressException: No ChannelAddress for channel hhmmss
11:43:10.100 [OpenMUC Data Manager Pool - thread-1] WARN org.openmuc.framework.driver.csv.CsvDeviceConnection - EmptyChannelAddressException: No ChannelAddress for channel hhmmss
11:43:10.100 [OpenMUC Data Manager Pool - thread-1] WARN org.openmuc.framework.driver.csv.CsvDeviceConnection - EmptyChannelAddressException: Invalid Channel Address: this-column-does-not-exist
    hhmmss, power_grid
11:43:10.188 [Test worker] WARN org.openmuc.framework.driver.csv.CsvDeviceConnection - NoValueReceivedYetException: Sampling time before first timestamp of csv file.
11:43:10.188 [Test worker] WARN org.openmuc.framework.driver.csv.CsvDeviceConnection - NoValueReceivedYetException: Sampling time before first timestamp of csv file.
       NaN,        NaN
    hhmmss, power_grid
    000020,      0.920
11:43:10.204 [Test worker] WARN org.openmuc.framework.driver.csv.CsvDeviceConnection - TimeTravelException: Current sampling time is before the last sampling time. Since rewind is disabled, driver can't get value for current sampling time.
11:43:10.204 [Test worker] WARN org.openmuc.framework.driver.csv.CsvDeviceConnection - TimeTravelException: Current sampling time is before the last sampling time. Since rewind is disabled, driver can't get value for current sampling time.
       NaN,        NaN
    hhmmss, power_grid
11:43:10.209 [Test worker] WARN org.openmuc.framework.driver.csv.channel.CsvTimeChannel - Current sampling time is behind last available timestamp of csv file. Returning value corresponding to last timestamp in file.
11:43:10.210 [Test worker] WARN org.openmuc.framework.driver.csv.channel.CsvTimeChannel - Current sampling time is behind last available timestamp of csv file. Returning value corresponding to last timestamp in file.
    000020,      0.920
11:43:10.215 [OpenMUC Data Manager Pool - thread-1] WARN org.openmuc.framework.driver.csv.CsvDeviceConnection - EmptyChannelAddressException: No ChannelAddress for channel hhmmss
    hhmmss, power_grid
11:43:10.215 [OpenMUC Data Manager Pool - thread-1] WARN org.openmuc.framework.driver.csv.CsvDeviceConnection - EmptyChannelAddressException: No ChannelAddress for channel hhmmss
11:43:10.215 [OpenMUC Data Manager Pool - thread-1] WARN org.openmuc.framework.driver.csv.CsvDeviceConnection - EmptyChannelAddressException: Invalid Channel Address: this-column-does-not-exist
    000020,      0.920
    000010,      0.910
    hhmmss, power_grid
    000010,      0.910
    000015,      0.915
    000020,      0.920
11:43:10.227 [Test worker] WARN org.openmuc.framework.driver.csv.channel.CsvTimeChannel - Current sampling time is behind last available timestamp of csv file. Returning value corresponding to last timestamp in file.
11:43:10.227 [Test worker] WARN org.openmuc.framework.driver.csv.channel.CsvTimeChannel - Current sampling time is behind last available timestamp of csv file. Returning value corresponding to last timestamp in file.
    000020,      0.920
]]></system-out>
  <system-err><![CDATA[]]></system-err>
</testsuite>
