<?xml version="1.0" encoding="UTF-8"?>
<testsuite name="org.openmuc.framework.driver.csv.ConfigurationErrorHandlingTest" tests="7" skipped="0" failures="0" errors="0" timestamp="2025-02-10T10:43:00" hostname="TEA" time="8.908">
  <properties/>
  <testcase name="deviceAddressColumnMissingInCsv()" classname="org.openmuc.framework.driver.csv.ConfigurationErrorHandlingTest" time="0.819"/>
  <testcase name="channelAddressIsMissing()" classname="org.openmuc.framework.driver.csv.ConfigurationErrorHandlingTest" time="3.017"/>
  <testcase name="channelAddressColumnDoesNotExistInCsv()" classname="org.openmuc.framework.driver.csv.ConfigurationErrorHandlingTest" time="3.013"/>
  <testcase name="deviceAddressColumnDoesNotExistInCsv()" classname="org.openmuc.framework.driver.csv.ConfigurationErrorHandlingTest" time="0.509"/>
  <testcase name="settingsColumnMissingInCsv()" classname="org.openmuc.framework.driver.csv.ConfigurationErrorHandlingTest" time="0.514"/>
  <testcase name="channelAddressTagIsMissing()" classname="org.openmuc.framework.driver.csv.ConfigurationErrorHandlingTest" time="0.507"/>
  <testcase name="settingsColumnDoesNotExistInCsv()" classname="org.openmuc.framework.driver.csv.ConfigurationErrorHandlingTest" time="0.52"/>
  <system-out><![CDATA[11:43:00.515 [Test worker] INFO org.openmuc.framework.core.datamanager.DataManagerAccessor - Using file C:\Users\tdmar\Documents\OneDrive\Desktop\Projekat\OpenMUC\openmuc\projects\driver\csv\build\resources\test\deviceAddressIsMissing.xml
11:43:00.528 [Test worker] INFO org.openmuc.framework.core.datamanager.DataManager - Activating Data Manager with config C:\Users\tdmar\Documents\OneDrive\Desktop\Projekat\OpenMUC\openmuc\projects\driver\csv\build\resources\test\deviceAddressIsMissing.xml
11:43:00.626 [Test worker] WARN org.openmuc.framework.core.datamanager.Device - No driver bundle available for configured driver: 'csv'.
11:43:00.685 [OpenMUC Data Manager] INFO org.openmuc.framework.core.datamanager.DataManager - Driver registered: csv
11:43:00.703 [OpenMUC Data Manager Pool - thread-1] WARN org.openmuc.framework.core.datamanager.ConnectTask - Unable to connect to device home1 because the address or settings syntax is incorrect: CSV driver - file not found: , searching file in C:\Users\tdmar\Documents\OneDrive\Desktop\Projekat\OpenMUC\openmuc\projects\driver\csv.
Will try again in 60000 ms.
11:43:01.221 [Test worker] INFO org.openmuc.framework.core.datamanager.DataManagerAccessor - Using file C:\Users\tdmar\Documents\OneDrive\Desktop\Projekat\OpenMUC\openmuc\projects\driver\csv\build\resources\test\channelAddressIsMissing.xml
11:43:01.221 [Test worker] INFO org.openmuc.framework.core.datamanager.DataManager - Activating Data Manager with config C:\Users\tdmar\Documents\OneDrive\Desktop\Projekat\OpenMUC\openmuc\projects\driver\csv\build\resources\test\channelAddressIsMissing.xml
11:43:01.223 [Test worker] WARN org.openmuc.framework.core.datamanager.Device - No driver bundle available for configured driver: 'csv'.
11:43:01.224 [OpenMUC Data Manager] INFO org.openmuc.framework.core.datamanager.DataManager - Driver registered: csv
11:43:01.461 [OpenMUC Data Manager Pool - thread-1] INFO org.openmuc.framework.driver.csv.CsvDriver - Device connected: ./src/test/resources/home1.csv
11:43:01.461 [OpenMUC Data Manager Pool - thread-1] DEBUG org.openmuc.framework.core.datamanager.ConnectTask - Driver csv connected.
11:43:01.502 [OpenMUC Data Manager Pool - thread-1] WARN org.openmuc.framework.driver.csv.CsvDeviceConnection - EmptyChannelAddressException: No ChannelAddress for channel hhmmss
11:43:01.600 [OpenMUC Data Manager Pool - thread-1] WARN org.openmuc.framework.driver.csv.CsvDeviceConnection - EmptyChannelAddressException: No ChannelAddress for channel hhmmss
11:43:01.713 [OpenMUC Data Manager Pool - thread-1] WARN org.openmuc.framework.driver.csv.CsvDeviceConnection - EmptyChannelAddressException: No ChannelAddress for channel hhmmss
11:43:01.800 [OpenMUC Data Manager Pool - thread-1] WARN org.openmuc.framework.driver.csv.CsvDeviceConnection - EmptyChannelAddressException: No ChannelAddress for channel hhmmss
11:43:01.901 [OpenMUC Data Manager Pool - thread-1] WARN org.openmuc.framework.driver.csv.CsvDeviceConnection - EmptyChannelAddressException: No ChannelAddress for channel hhmmss
11:43:02.000 [OpenMUC Data Manager Pool - thread-1] WARN org.openmuc.framework.driver.csv.CsvDeviceConnection - EmptyChannelAddressException: No ChannelAddress for channel hhmmss
11:43:02.104 [OpenMUC Data Manager Pool - thread-1] WARN org.openmuc.framework.driver.csv.CsvDeviceConnection - EmptyChannelAddressException: No ChannelAddress for channel hhmmss
11:43:02.201 [OpenMUC Data Manager Pool - thread-1] WARN org.openmuc.framework.driver.csv.CsvDeviceConnection - EmptyChannelAddressException: No ChannelAddress for channel hhmmss
11:43:02.301 [OpenMUC Data Manager Pool - thread-1] WARN org.openmuc.framework.driver.csv.CsvDeviceConnection - EmptyChannelAddressException: No ChannelAddress for channel hhmmss
11:43:02.401 [OpenMUC Data Manager Pool - thread-1] WARN org.openmuc.framework.driver.csv.CsvDeviceConnection - EmptyChannelAddressException: No ChannelAddress for channel hhmmss
11:43:02.501 [OpenMUC Data Manager Pool - thread-1] WARN org.openmuc.framework.driver.csv.CsvDeviceConnection - EmptyChannelAddressException: No ChannelAddress for channel hhmmss
11:43:02.600 [OpenMUC Data Manager Pool - thread-1] WARN org.openmuc.framework.driver.csv.CsvDeviceConnection - EmptyChannelAddressException: No ChannelAddress for channel hhmmss
11:43:02.712 [OpenMUC Data Manager Pool - thread-1] WARN org.openmuc.framework.driver.csv.CsvDeviceConnection - EmptyChannelAddressException: No ChannelAddress for channel hhmmss
11:43:02.800 [OpenMUC Data Manager Pool - thread-1] WARN org.openmuc.framework.driver.csv.CsvDeviceConnection - EmptyChannelAddressException: No ChannelAddress for channel hhmmss
11:43:02.913 [OpenMUC Data Manager Pool - thread-1] WARN org.openmuc.framework.driver.csv.CsvDeviceConnection - EmptyChannelAddressException: No ChannelAddress for channel hhmmss
11:43:03.001 [OpenMUC Data Manager Pool - thread-1] WARN org.openmuc.framework.driver.csv.CsvDeviceConnection - EmptyChannelAddressException: No ChannelAddress for channel hhmmss
11:43:03.100 [OpenMUC Data Manager Pool - thread-1] WARN org.openmuc.framework.driver.csv.CsvDeviceConnection - EmptyChannelAddressException: No ChannelAddress for channel hhmmss
11:43:03.207 [OpenMUC Data Manager Pool - thread-1] WARN org.openmuc.framework.driver.csv.CsvDeviceConnection - EmptyChannelAddressException: No ChannelAddress for channel hhmmss
11:43:03.301 [OpenMUC Data Manager Pool - thread-1] WARN org.openmuc.framework.driver.csv.CsvDeviceConnection - EmptyChannelAddressException: No ChannelAddress for channel hhmmss
11:43:03.401 [OpenMUC Data Manager Pool - thread-1] WARN org.openmuc.framework.driver.csv.CsvDeviceConnection - EmptyChannelAddressException: No ChannelAddress for channel hhmmss
11:43:03.500 [OpenMUC Data Manager Pool - thread-1] WARN org.openmuc.framework.driver.csv.CsvDeviceConnection - EmptyChannelAddressException: No ChannelAddress for channel hhmmss
11:43:03.612 [OpenMUC Data Manager Pool - thread-1] WARN org.openmuc.framework.driver.csv.CsvDeviceConnection - EmptyChannelAddressException: No ChannelAddress for channel hhmmss
11:43:03.700 [OpenMUC Data Manager Pool - thread-1] WARN org.openmuc.framework.driver.csv.CsvDeviceConnection - EmptyChannelAddressException: No ChannelAddress for channel hhmmss
11:43:03.814 [OpenMUC Data Manager Pool - thread-1] WARN org.openmuc.framework.driver.csv.CsvDeviceConnection - EmptyChannelAddressException: No ChannelAddress for channel hhmmss
11:43:03.900 [OpenMUC Data Manager Pool - thread-1] WARN org.openmuc.framework.driver.csv.CsvDeviceConnection - EmptyChannelAddressException: No ChannelAddress for channel hhmmss
11:43:04.015 [OpenMUC Data Manager Pool - thread-1] WARN org.openmuc.framework.driver.csv.CsvDeviceConnection - EmptyChannelAddressException: No ChannelAddress for channel hhmmss
11:43:04.103 [OpenMUC Data Manager Pool - thread-1] WARN org.openmuc.framework.driver.csv.CsvDeviceConnection - EmptyChannelAddressException: No ChannelAddress for channel hhmmss
11:43:04.200 [OpenMUC Data Manager Pool - thread-1] WARN org.openmuc.framework.driver.csv.CsvDeviceConnection - EmptyChannelAddressException: No ChannelAddress for channel hhmmss
11:43:04.238 [Test worker] INFO org.openmuc.framework.core.datamanager.DataManagerAccessor - Using file C:\Users\tdmar\Documents\OneDrive\Desktop\Projekat\OpenMUC\openmuc\projects\driver\csv\build\resources\test\channelAddressColumnDoesNotExistInCsv.xml
11:43:04.238 [Test worker] INFO org.openmuc.framework.core.datamanager.DataManager - Activating Data Manager with config C:\Users\tdmar\Documents\OneDrive\Desktop\Projekat\OpenMUC\openmuc\projects\driver\csv\build\resources\test\channelAddressColumnDoesNotExistInCsv.xml
11:43:04.243 [Test worker] WARN org.openmuc.framework.core.datamanager.Device - No driver bundle available for configured driver: 'csv'.
11:43:04.246 [OpenMUC Data Manager] INFO org.openmuc.framework.core.datamanager.DataManager - Driver registered: csv
11:43:04.301 [OpenMUC Data Manager Pool - thread-1] INFO org.openmuc.framework.driver.csv.CsvDriver - Device connected: ./src/test/resources/home1.csv
11:43:04.301 [OpenMUC Data Manager Pool - thread-1] WARN org.openmuc.framework.driver.csv.CsvDeviceConnection - EmptyChannelAddressException: No ChannelAddress for channel hhmmss
11:43:04.301 [OpenMUC Data Manager Pool - thread-1] DEBUG org.openmuc.framework.core.datamanager.ConnectTask - Driver csv connected.
11:43:04.400 [OpenMUC Data Manager Pool - thread-1] WARN org.openmuc.framework.driver.csv.CsvDeviceConnection - EmptyChannelAddressException: No ChannelAddress for channel hhmmss
11:43:04.400 [OpenMUC Data Manager Pool - thread-1] WARN org.openmuc.framework.driver.csv.CsvDeviceConnection - EmptyChannelAddressException: Invalid Channel Address: this-column-does-not-exist
11:43:04.500 [OpenMUC Data Manager Pool - thread-1] WARN org.openmuc.framework.driver.csv.CsvDeviceConnection - EmptyChannelAddressException: No ChannelAddress for channel hhmmss
11:43:04.501 [OpenMUC Data Manager Pool - thread-1] WARN org.openmuc.framework.driver.csv.CsvDeviceConnection - EmptyChannelAddressException: Invalid Channel Address: this-column-does-not-exist
11:43:04.600 [OpenMUC Data Manager Pool - thread-1] WARN org.openmuc.framework.driver.csv.CsvDeviceConnection - EmptyChannelAddressException: No ChannelAddress for channel hhmmss
11:43:04.600 [OpenMUC Data Manager Pool - thread-1] WARN org.openmuc.framework.driver.csv.CsvDeviceConnection - EmptyChannelAddressException: Invalid Channel Address: this-column-does-not-exist
11:43:04.701 [OpenMUC Data Manager Pool - thread-1] WARN org.openmuc.framework.driver.csv.CsvDeviceConnection - EmptyChannelAddressException: Invalid Channel Address: this-column-does-not-exist
11:43:04.701 [OpenMUC Data Manager Pool - thread-1] WARN org.openmuc.framework.driver.csv.CsvDeviceConnection - EmptyChannelAddressException: No ChannelAddress for channel hhmmss
11:43:04.801 [OpenMUC Data Manager Pool - thread-1] WARN org.openmuc.framework.driver.csv.CsvDeviceConnection - EmptyChannelAddressException: Invalid Channel Address: this-column-does-not-exist
11:43:04.801 [OpenMUC Data Manager Pool - thread-1] WARN org.openmuc.framework.driver.csv.CsvDeviceConnection - EmptyChannelAddressException: No ChannelAddress for channel hhmmss
11:43:04.900 [OpenMUC Data Manager Pool - thread-1] WARN org.openmuc.framework.driver.csv.CsvDeviceConnection - EmptyChannelAddressException: No ChannelAddress for channel hhmmss
11:43:04.900 [OpenMUC Data Manager Pool - thread-1] WARN org.openmuc.framework.driver.csv.CsvDeviceConnection - EmptyChannelAddressException: Invalid Channel Address: this-column-does-not-exist
11:43:05.000 [OpenMUC Data Manager Pool - thread-1] WARN org.openmuc.framework.driver.csv.CsvDeviceConnection - EmptyChannelAddressException: Invalid Channel Address: this-column-does-not-exist
11:43:05.011 [OpenMUC Data Manager Pool - thread-1] WARN org.openmuc.framework.driver.csv.CsvDeviceConnection - EmptyChannelAddressException: No ChannelAddress for channel hhmmss
11:43:05.100 [OpenMUC Data Manager Pool - thread-1] WARN org.openmuc.framework.driver.csv.CsvDeviceConnection - EmptyChannelAddressException: No ChannelAddress for channel hhmmss
11:43:05.106 [OpenMUC Data Manager Pool - thread-1] WARN org.openmuc.framework.driver.csv.CsvDeviceConnection - EmptyChannelAddressException: Invalid Channel Address: this-column-does-not-exist
11:43:05.200 [OpenMUC Data Manager Pool - thread-1] WARN org.openmuc.framework.driver.csv.CsvDeviceConnection - EmptyChannelAddressException: Invalid Channel Address: this-column-does-not-exist
11:43:05.201 [OpenMUC Data Manager Pool - thread-1] WARN org.openmuc.framework.driver.csv.CsvDeviceConnection - EmptyChannelAddressException: No ChannelAddress for channel hhmmss
11:43:05.300 [OpenMUC Data Manager Pool - thread-1] WARN org.openmuc.framework.driver.csv.CsvDeviceConnection - EmptyChannelAddressException: Invalid Channel Address: this-column-does-not-exist
11:43:05.301 [OpenMUC Data Manager Pool - thread-1] WARN org.openmuc.framework.driver.csv.CsvDeviceConnection - EmptyChannelAddressException: No ChannelAddress for channel hhmmss
11:43:05.400 [OpenMUC Data Manager Pool - thread-1] WARN org.openmuc.framework.driver.csv.CsvDeviceConnection - EmptyChannelAddressException: No ChannelAddress for channel hhmmss
11:43:05.400 [OpenMUC Data Manager Pool - thread-1] WARN org.openmuc.framework.driver.csv.CsvDeviceConnection - EmptyChannelAddressException: Invalid Channel Address: this-column-does-not-exist
11:43:05.500 [OpenMUC Data Manager Pool - thread-1] WARN org.openmuc.framework.driver.csv.CsvDeviceConnection - EmptyChannelAddressException: Invalid Channel Address: this-column-does-not-exist
11:43:05.512 [OpenMUC Data Manager Pool - thread-1] WARN org.openmuc.framework.driver.csv.CsvDeviceConnection - EmptyChannelAddressException: No ChannelAddress for channel hhmmss
11:43:05.600 [OpenMUC Data Manager Pool - thread-1] WARN org.openmuc.framework.driver.csv.CsvDeviceConnection - EmptyChannelAddressException: No ChannelAddress for channel hhmmss
11:43:05.601 [OpenMUC Data Manager Pool - thread-1] WARN org.openmuc.framework.driver.csv.CsvDeviceConnection - EmptyChannelAddressException: Invalid Channel Address: this-column-does-not-exist
11:43:05.702 [OpenMUC Data Manager Pool - thread-1] WARN org.openmuc.framework.driver.csv.CsvDeviceConnection - EmptyChannelAddressException: Invalid Channel Address: this-column-does-not-exist
11:43:05.702 [OpenMUC Data Manager Pool - thread-1] WARN org.openmuc.framework.driver.csv.CsvDeviceConnection - EmptyChannelAddressException: No ChannelAddress for channel hhmmss
11:43:05.800 [OpenMUC Data Manager Pool - thread-1] WARN org.openmuc.framework.driver.csv.CsvDeviceConnection - EmptyChannelAddressException: Invalid Channel Address: this-column-does-not-exist
11:43:05.800 [OpenMUC Data Manager Pool - thread-1] WARN org.openmuc.framework.driver.csv.CsvDeviceConnection - EmptyChannelAddressException: No ChannelAddress for channel hhmmss
11:43:05.900 [OpenMUC Data Manager Pool - thread-1] WARN org.openmuc.framework.driver.csv.CsvDeviceConnection - EmptyChannelAddressException: No ChannelAddress for channel hhmmss
11:43:05.900 [OpenMUC Data Manager Pool - thread-1] WARN org.openmuc.framework.driver.csv.CsvDeviceConnection - EmptyChannelAddressException: Invalid Channel Address: this-column-does-not-exist
11:43:06.001 [OpenMUC Data Manager Pool - thread-1] WARN org.openmuc.framework.driver.csv.CsvDeviceConnection - EmptyChannelAddressException: No ChannelAddress for channel hhmmss
11:43:06.001 [OpenMUC Data Manager Pool - thread-1] WARN org.openmuc.framework.driver.csv.CsvDeviceConnection - EmptyChannelAddressException: Invalid Channel Address: this-column-does-not-exist
11:43:06.100 [OpenMUC Data Manager Pool - thread-1] WARN org.openmuc.framework.driver.csv.CsvDeviceConnection - EmptyChannelAddressException: No ChannelAddress for channel hhmmss
11:43:06.100 [OpenMUC Data Manager Pool - thread-1] WARN org.openmuc.framework.driver.csv.CsvDeviceConnection - EmptyChannelAddressException: Invalid Channel Address: this-column-does-not-exist
11:43:06.201 [OpenMUC Data Manager Pool - thread-1] WARN org.openmuc.framework.driver.csv.CsvDeviceConnection - EmptyChannelAddressException: Invalid Channel Address: this-column-does-not-exist
11:43:06.213 [OpenMUC Data Manager Pool - thread-1] WARN org.openmuc.framework.driver.csv.CsvDeviceConnection - EmptyChannelAddressException: No ChannelAddress for channel hhmmss
11:43:06.300 [OpenMUC Data Manager Pool - thread-1] WARN org.openmuc.framework.driver.csv.CsvDeviceConnection - EmptyChannelAddressException: Invalid Channel Address: this-column-does-not-exist
11:43:06.301 [OpenMUC Data Manager Pool - thread-1] WARN org.openmuc.framework.driver.csv.CsvDeviceConnection - EmptyChannelAddressException: No ChannelAddress for channel hhmmss
11:43:06.400 [OpenMUC Data Manager Pool - thread-1] WARN org.openmuc.framework.driver.csv.CsvDeviceConnection - EmptyChannelAddressException: Invalid Channel Address: this-column-does-not-exist
11:43:06.400 [OpenMUC Data Manager Pool - thread-1] WARN org.openmuc.framework.driver.csv.CsvDeviceConnection - EmptyChannelAddressException: No ChannelAddress for channel hhmmss
11:43:06.510 [OpenMUC Data Manager Pool - thread-1] WARN org.openmuc.framework.driver.csv.CsvDeviceConnection - EmptyChannelAddressException: Invalid Channel Address: this-column-does-not-exist
11:43:06.510 [OpenMUC Data Manager Pool - thread-1] WARN org.openmuc.framework.driver.csv.CsvDeviceConnection - EmptyChannelAddressException: No ChannelAddress for channel hhmmss
11:43:06.600 [OpenMUC Data Manager Pool - thread-1] WARN org.openmuc.framework.driver.csv.CsvDeviceConnection - EmptyChannelAddressException: No ChannelAddress for channel hhmmss
11:43:06.600 [OpenMUC Data Manager Pool - thread-1] WARN org.openmuc.framework.driver.csv.CsvDeviceConnection - EmptyChannelAddressException: Invalid Channel Address: this-column-does-not-exist
11:43:06.700 [OpenMUC Data Manager Pool - thread-1] WARN org.openmuc.framework.driver.csv.CsvDeviceConnection - EmptyChannelAddressException: Invalid Channel Address: this-column-does-not-exist
11:43:06.700 [OpenMUC Data Manager Pool - thread-1] WARN org.openmuc.framework.driver.csv.CsvDeviceConnection - EmptyChannelAddressException: No ChannelAddress for channel hhmmss
11:43:06.801 [OpenMUC Data Manager Pool - thread-1] WARN org.openmuc.framework.driver.csv.CsvDeviceConnection - EmptyChannelAddressException: No ChannelAddress for channel hhmmss
11:43:06.801 [OpenMUC Data Manager Pool - thread-1] WARN org.openmuc.framework.driver.csv.CsvDeviceConnection - EmptyChannelAddressException: Invalid Channel Address: this-column-does-not-exist
11:43:06.901 [OpenMUC Data Manager Pool - thread-1] WARN org.openmuc.framework.driver.csv.CsvDeviceConnection - EmptyChannelAddressException: No ChannelAddress for channel hhmmss
11:43:06.901 [OpenMUC Data Manager Pool - thread-1] WARN org.openmuc.framework.driver.csv.CsvDeviceConnection - EmptyChannelAddressException: Invalid Channel Address: this-column-does-not-exist
11:43:07.000 [OpenMUC Data Manager Pool - thread-1] WARN org.openmuc.framework.driver.csv.CsvDeviceConnection - EmptyChannelAddressException: Invalid Channel Address: this-column-does-not-exist
11:43:07.000 [OpenMUC Data Manager Pool - thread-1] WARN org.openmuc.framework.driver.csv.CsvDeviceConnection - EmptyChannelAddressException: No ChannelAddress for channel hhmmss
11:43:07.100 [OpenMUC Data Manager Pool - thread-1] WARN org.openmuc.framework.driver.csv.CsvDeviceConnection - EmptyChannelAddressException: No ChannelAddress for channel hhmmss
11:43:07.100 [OpenMUC Data Manager Pool - thread-1] WARN org.openmuc.framework.driver.csv.CsvDeviceConnection - EmptyChannelAddressException: Invalid Channel Address: this-column-does-not-exist
11:43:07.200 [OpenMUC Data Manager Pool - thread-1] WARN org.openmuc.framework.driver.csv.CsvDeviceConnection - EmptyChannelAddressException: No ChannelAddress for channel hhmmss
11:43:07.200 [OpenMUC Data Manager Pool - thread-1] WARN org.openmuc.framework.driver.csv.CsvDeviceConnection - EmptyChannelAddressException: Invalid Channel Address: this-column-does-not-exist
11:43:07.252 [Test worker] INFO org.openmuc.framework.core.datamanager.DataManagerAccessor - Using file C:\Users\tdmar\Documents\OneDrive\Desktop\Projekat\OpenMUC\openmuc\projects\driver\csv\build\resources\test\deviceAddressDoesNotExist.xml
11:43:07.253 [Test worker] INFO org.openmuc.framework.core.datamanager.DataManager - Activating Data Manager with config C:\Users\tdmar\Documents\OneDrive\Desktop\Projekat\OpenMUC\openmuc\projects\driver\csv\build\resources\test\deviceAddressDoesNotExist.xml
11:43:07.256 [Test worker] WARN org.openmuc.framework.core.datamanager.Device - No driver bundle available for configured driver: 'csv'.
11:43:07.257 [OpenMUC Data Manager] INFO org.openmuc.framework.core.datamanager.DataManager - Driver registered: csv
11:43:07.257 [OpenMUC Data Manager Pool - thread-1] WARN org.openmuc.framework.core.datamanager.ConnectTask - Unable to connect to device home1 because the address or settings syntax is incorrect: CSV driver - file not found: address-does-not-exist, searching file in C:\Users\tdmar\Documents\OneDrive\Desktop\Projekat\OpenMUC\openmuc\projects\driver\csv\address-does-not-exist.
Will try again in 60000 ms.
11:43:07.300 [OpenMUC Data Manager Pool - thread-1] WARN org.openmuc.framework.driver.csv.CsvDeviceConnection - EmptyChannelAddressException: Invalid Channel Address: this-column-does-not-exist
11:43:07.300 [OpenMUC Data Manager Pool - thread-1] WARN org.openmuc.framework.driver.csv.CsvDeviceConnection - EmptyChannelAddressException: No ChannelAddress for channel hhmmss
11:43:07.414 [OpenMUC Data Manager Pool - thread-1] WARN org.openmuc.framework.driver.csv.CsvDeviceConnection - EmptyChannelAddressException: No ChannelAddress for channel hhmmss
11:43:07.414 [OpenMUC Data Manager Pool - thread-1] WARN org.openmuc.framework.driver.csv.CsvDeviceConnection - EmptyChannelAddressException: Invalid Channel Address: this-column-does-not-exist
11:43:07.500 [OpenMUC Data Manager Pool - thread-1] WARN org.openmuc.framework.driver.csv.CsvDeviceConnection - EmptyChannelAddressException: No ChannelAddress for channel hhmmss
11:43:07.500 [OpenMUC Data Manager Pool - thread-1] WARN org.openmuc.framework.driver.csv.CsvDeviceConnection - EmptyChannelAddressException: Invalid Channel Address: this-column-does-not-exist
11:43:07.600 [OpenMUC Data Manager Pool - thread-1] WARN org.openmuc.framework.driver.csv.CsvDeviceConnection - EmptyChannelAddressException: Invalid Channel Address: this-column-does-not-exist
11:43:07.600 [OpenMUC Data Manager Pool - thread-1] WARN org.openmuc.framework.driver.csv.CsvDeviceConnection - EmptyChannelAddressException: No ChannelAddress for channel hhmmss
11:43:07.701 [OpenMUC Data Manager Pool - thread-1] WARN org.openmuc.framework.driver.csv.CsvDeviceConnection - EmptyChannelAddressException: Invalid Channel Address: this-column-does-not-exist
11:43:07.701 [OpenMUC Data Manager Pool - thread-1] WARN org.openmuc.framework.driver.csv.CsvDeviceConnection - EmptyChannelAddressException: No ChannelAddress for channel hhmmss
11:43:07.765 [Test worker] INFO org.openmuc.framework.core.datamanager.DataManagerAccessor - Using file C:\Users\tdmar\Documents\OneDrive\Desktop\Projekat\OpenMUC\openmuc\projects\driver\csv\build\resources\test\settingsIsMissing.xml
11:43:07.766 [Test worker] INFO org.openmuc.framework.core.datamanager.DataManager - Activating Data Manager with config C:\Users\tdmar\Documents\OneDrive\Desktop\Projekat\OpenMUC\openmuc\projects\driver\csv\build\resources\test\settingsIsMissing.xml
11:43:07.772 [Test worker] WARN org.openmuc.framework.core.datamanager.Device - No driver bundle available for configured driver: 'csv'.
11:43:07.774 [OpenMUC Data Manager] INFO org.openmuc.framework.core.datamanager.DataManager - Driver registered: csv
11:43:07.776 [OpenMUC Data Manager Pool - thread-1] WARN org.openmuc.framework.core.datamanager.ConnectTask - Unable to connect to device home1 because the address or settings syntax is incorrect: CSV driver - file not found: ./csv-driver/home1.csv, searching file in C:\Users\tdmar\Documents\OneDrive\Desktop\Projekat\OpenMUC\openmuc\projects\driver\csv\.\csv-driver\home1.csv.
Will try again in 60000 ms.
11:43:07.800 [OpenMUC Data Manager Pool - thread-1] WARN org.openmuc.framework.driver.csv.CsvDeviceConnection - EmptyChannelAddressException: No ChannelAddress for channel hhmmss
11:43:07.800 [OpenMUC Data Manager Pool - thread-1] WARN org.openmuc.framework.driver.csv.CsvDeviceConnection - EmptyChannelAddressException: Invalid Channel Address: this-column-does-not-exist
11:43:07.900 [OpenMUC Data Manager Pool - thread-1] WARN org.openmuc.framework.driver.csv.CsvDeviceConnection - EmptyChannelAddressException: No ChannelAddress for channel hhmmss
11:43:07.900 [OpenMUC Data Manager Pool - thread-1] WARN org.openmuc.framework.driver.csv.CsvDeviceConnection - EmptyChannelAddressException: Invalid Channel Address: this-column-does-not-exist
11:43:08.000 [OpenMUC Data Manager Pool - thread-1] WARN org.openmuc.framework.driver.csv.CsvDeviceConnection - EmptyChannelAddressException: Invalid Channel Address: this-column-does-not-exist
11:43:08.010 [OpenMUC Data Manager Pool - thread-1] WARN org.openmuc.framework.driver.csv.CsvDeviceConnection - EmptyChannelAddressException: No ChannelAddress for channel hhmmss
11:43:08.100 [OpenMUC Data Manager Pool - thread-1] WARN org.openmuc.framework.driver.csv.CsvDeviceConnection - EmptyChannelAddressException: Invalid Channel Address: this-column-does-not-exist
11:43:08.100 [OpenMUC Data Manager Pool - thread-1] WARN org.openmuc.framework.driver.csv.CsvDeviceConnection - EmptyChannelAddressException: No ChannelAddress for channel hhmmss
11:43:08.200 [OpenMUC Data Manager Pool - thread-1] WARN org.openmuc.framework.driver.csv.CsvDeviceConnection - EmptyChannelAddressException: No ChannelAddress for channel hhmmss
11:43:08.200 [OpenMUC Data Manager Pool - thread-1] WARN org.openmuc.framework.driver.csv.CsvDeviceConnection - EmptyChannelAddressException: Invalid Channel Address: this-column-does-not-exist
11:43:08.278 [Test worker] INFO org.openmuc.framework.core.datamanager.DataManagerAccessor - Using file C:\Users\tdmar\Documents\OneDrive\Desktop\Projekat\OpenMUC\openmuc\projects\driver\csv\build\resources\test\channelAddressTagIsMissing.xml
11:43:08.278 [Test worker] INFO org.openmuc.framework.core.datamanager.DataManager - Activating Data Manager with config C:\Users\tdmar\Documents\OneDrive\Desktop\Projekat\OpenMUC\openmuc\projects\driver\csv\build\resources\test\channelAddressTagIsMissing.xml
11:43:08.281 [Test worker] WARN org.openmuc.framework.core.datamanager.Device - No driver bundle available for configured driver: 'csv'.
11:43:08.282 [OpenMUC Data Manager] INFO org.openmuc.framework.core.datamanager.DataManager - Driver registered: csv
11:43:08.300 [OpenMUC Data Manager Pool - thread-1] WARN org.openmuc.framework.driver.csv.CsvDeviceConnection - EmptyChannelAddressException: No ChannelAddress for channel hhmmss
11:43:08.300 [OpenMUC Data Manager Pool - thread-1] WARN org.openmuc.framework.driver.csv.CsvDeviceConnection - EmptyChannelAddressException: Invalid Channel Address: this-column-does-not-exist
11:43:08.318 [OpenMUC Data Manager Pool - thread-1] INFO org.openmuc.framework.driver.csv.CsvDriver - Device connected: ./src/test/resources/home1.csv
11:43:08.318 [OpenMUC Data Manager Pool - thread-1] DEBUG org.openmuc.framework.core.datamanager.ConnectTask - Driver csv connected.
11:43:08.401 [OpenMUC Data Manager Pool - thread-1] WARN org.openmuc.framework.driver.csv.CsvDeviceConnection - EmptyChannelAddressException: No ChannelAddress for channel hhmmss
11:43:08.401 [OpenMUC Data Manager Pool - thread-1] WARN org.openmuc.framework.driver.csv.CsvDeviceConnection - EmptyChannelAddressException: No ChannelAddress for channel hhmmss
11:43:08.401 [OpenMUC Data Manager Pool - thread-1] WARN org.openmuc.framework.driver.csv.CsvDeviceConnection - EmptyChannelAddressException: Invalid Channel Address: this-column-does-not-exist
11:43:08.500 [OpenMUC Data Manager Pool - thread-1] WARN org.openmuc.framework.driver.csv.CsvDeviceConnection - EmptyChannelAddressException: No ChannelAddress for channel hhmmss
11:43:08.501 [OpenMUC Data Manager Pool - thread-1] WARN org.openmuc.framework.driver.csv.CsvDeviceConnection - EmptyChannelAddressException: Invalid Channel Address: this-column-does-not-exist
11:43:08.501 [OpenMUC Data Manager Pool - thread-1] WARN org.openmuc.framework.driver.csv.CsvDeviceConnection - EmptyChannelAddressException: No ChannelAddress for channel hhmmss
11:43:08.601 [OpenMUC Data Manager Pool - thread-1] WARN org.openmuc.framework.driver.csv.CsvDeviceConnection - EmptyChannelAddressException: No ChannelAddress for channel hhmmss
11:43:08.601 [OpenMUC Data Manager Pool - thread-1] WARN org.openmuc.framework.driver.csv.CsvDeviceConnection - EmptyChannelAddressException: Invalid Channel Address: this-column-does-not-exist
11:43:08.601 [OpenMUC Data Manager Pool - thread-1] WARN org.openmuc.framework.driver.csv.CsvDeviceConnection - EmptyChannelAddressException: No ChannelAddress for channel hhmmss
11:43:08.700 [OpenMUC Data Manager Pool - thread-1] WARN org.openmuc.framework.driver.csv.CsvDeviceConnection - EmptyChannelAddressException: No ChannelAddress for channel hhmmss
11:43:08.701 [OpenMUC Data Manager Pool - thread-1] WARN org.openmuc.framework.driver.csv.CsvDeviceConnection - EmptyChannelAddressException: No ChannelAddress for channel hhmmss
11:43:08.701 [OpenMUC Data Manager Pool - thread-1] WARN org.openmuc.framework.driver.csv.CsvDeviceConnection - EmptyChannelAddressException: Invalid Channel Address: this-column-does-not-exist
11:43:08.789 [Test worker] INFO org.openmuc.framework.core.datamanager.DataManagerAccessor - Using file C:\Users\tdmar\Documents\OneDrive\Desktop\Projekat\OpenMUC\openmuc\projects\driver\csv\build\resources\test\settingsColumnDoesNotExist.xml
11:43:08.789 [Test worker] INFO org.openmuc.framework.core.datamanager.DataManager - Activating Data Manager with config C:\Users\tdmar\Documents\OneDrive\Desktop\Projekat\OpenMUC\openmuc\projects\driver\csv\build\resources\test\settingsColumnDoesNotExist.xml
11:43:08.799 [Test worker] WARN org.openmuc.framework.core.datamanager.Device - No driver bundle available for configured driver: 'csv'.
11:43:08.800 [OpenMUC Data Manager Pool - thread-1] WARN org.openmuc.framework.driver.csv.CsvDeviceConnection - EmptyChannelAddressException: Invalid Channel Address: this-column-does-not-exist
11:43:08.800 [OpenMUC Data Manager Pool - thread-1] WARN org.openmuc.framework.driver.csv.CsvDeviceConnection - EmptyChannelAddressException: No ChannelAddress for channel hhmmss
11:43:08.800 [OpenMUC Data Manager Pool - thread-1] WARN org.openmuc.framework.driver.csv.CsvDeviceConnection - EmptyChannelAddressException: No ChannelAddress for channel hhmmss
11:43:08.801 [OpenMUC Data Manager] INFO org.openmuc.framework.core.datamanager.DataManager - Driver registered: csv
11:43:08.804 [OpenMUC Data Manager Pool - thread-1] WARN org.openmuc.framework.core.datamanager.ConnectTask - Unable to connect to device home1 because the address or settings syntax is incorrect: CSV driver - file not found: ./csv-driver/home1.csv, searching file in C:\Users\tdmar\Documents\OneDrive\Desktop\Projekat\OpenMUC\openmuc\projects\driver\csv\.\csv-driver\home1.csv.
Will try again in 60000 ms.
11:43:08.901 [OpenMUC Data Manager Pool - thread-1] WARN org.openmuc.framework.driver.csv.CsvDeviceConnection - EmptyChannelAddressException: No ChannelAddress for channel hhmmss
11:43:08.901 [OpenMUC Data Manager Pool - thread-1] WARN org.openmuc.framework.driver.csv.CsvDeviceConnection - EmptyChannelAddressException: Invalid Channel Address: this-column-does-not-exist
11:43:08.901 [OpenMUC Data Manager Pool - thread-1] WARN org.openmuc.framework.driver.csv.CsvDeviceConnection - EmptyChannelAddressException: No ChannelAddress for channel hhmmss
11:43:09.000 [OpenMUC Data Manager Pool - thread-1] WARN org.openmuc.framework.driver.csv.CsvDeviceConnection - EmptyChannelAddressException: No ChannelAddress for channel hhmmss
11:43:09.000 [OpenMUC Data Manager Pool - thread-1] WARN org.openmuc.framework.driver.csv.CsvDeviceConnection - EmptyChannelAddressException: Invalid Channel Address: this-column-does-not-exist
11:43:09.001 [OpenMUC Data Manager Pool - thread-1] WARN org.openmuc.framework.driver.csv.CsvDeviceConnection - EmptyChannelAddressException: No ChannelAddress for channel hhmmss
11:43:09.101 [OpenMUC Data Manager Pool - thread-1] WARN org.openmuc.framework.driver.csv.CsvDeviceConnection - EmptyChannelAddressException: No ChannelAddress for channel hhmmss
11:43:09.101 [OpenMUC Data Manager Pool - thread-1] WARN org.openmuc.framework.driver.csv.CsvDeviceConnection - EmptyChannelAddressException: Invalid Channel Address: this-column-does-not-exist
11:43:09.101 [OpenMUC Data Manager Pool - thread-1] WARN org.openmuc.framework.driver.csv.CsvDeviceConnection - EmptyChannelAddressException: No ChannelAddress for channel hhmmss
11:43:09.200 [OpenMUC Data Manager Pool - thread-1] WARN org.openmuc.framework.driver.csv.CsvDeviceConnection - EmptyChannelAddressException: No ChannelAddress for channel hhmmss
11:43:09.201 [OpenMUC Data Manager Pool - thread-1] WARN org.openmuc.framework.driver.csv.CsvDeviceConnection - EmptyChannelAddressException: No ChannelAddress for channel hhmmss
11:43:09.202 [OpenMUC Data Manager Pool - thread-1] WARN org.openmuc.framework.driver.csv.CsvDeviceConnection - EmptyChannelAddressException: Invalid Channel Address: this-column-does-not-exist
11:43:09.300 [OpenMUC Data Manager Pool - thread-1] WARN org.openmuc.framework.driver.csv.CsvDeviceConnection - EmptyChannelAddressException: No ChannelAddress for channel hhmmss
11:43:09.300 [OpenMUC Data Manager Pool - thread-1] WARN org.openmuc.framework.driver.csv.CsvDeviceConnection - EmptyChannelAddressException: Invalid Channel Address: this-column-does-not-exist
11:43:09.300 [OpenMUC Data Manager Pool - thread-1] WARN org.openmuc.framework.driver.csv.CsvDeviceConnection - EmptyChannelAddressException: No ChannelAddress for channel hhmmss
]]></system-out>
  <system-err><![CDATA[]]></system-err>
</testsuite>
