<?xml version="1.0" encoding="UTF-8"?>
<testsuite name="org.openmuc.framework.driver.csv.DeviceSettingsTest" tests="1" skipped="0" failures="0" errors="0" timestamp="2025-02-10T10:43:09" hostname="TEA" time="0.001">
  <properties/>
  <testcase name="testWrongSamplingMode()" classname="org.openmuc.framework.driver.csv.DeviceSettingsTest" time="0.001"/>
  <system-out><![CDATA[]]></system-out>
  <system-err><![CDATA[]]></system-err>
</testsuite>
