<?xml version="1.0" encoding="UTF-8"?>
<testsuite name="org.openmuc.framework.driver.csv.DeviceConnectionTest" tests="4" skipped="0" failures="0" errors="0" timestamp="2025-02-10T10:43:09" hostname="TEA" time="0.021">
  <properties/>
  <testcase name="testCsvWithoutHhmmss()" classname="org.openmuc.framework.driver.csv.DeviceConnectionTest" time="0.006"/>
  <testcase name="testCsvWithHhmmss()" classname="org.openmuc.framework.driver.csv.DeviceConnectionTest" time="0.003"/>
  <testcase name="testCsvWithUnixtimestamp()" classname="org.openmuc.framework.driver.csv.DeviceConnectionTest" time="0.004"/>
  <testcase name="testCsvWithoutUnixtimestamp()" classname="org.openmuc.framework.driver.csv.DeviceConnectionTest" time="0.005"/>
  <system-out><![CDATA[]]></system-out>
  <system-err><![CDATA[]]></system-err>
</testsuite>
