<?xml version="1.0" encoding="UTF-8"?>
<testsuite name="org.openmuc.framework.driver.csv.CsvFileReaderTest" tests="1" skipped="0" failures="0" errors="0" timestamp="2025-02-10T10:43:09" hostname="TEA" time="0.004">
  <properties/>
  <testcase name="test()" classname="org.openmuc.framework.driver.csv.CsvFileReaderTest" time="0.004"/>
  <system-out><![CDATA[]]></system-out>
  <system-err><![CDATA[]]></system-err>
</testsuite>
