<?xml version="1.0" encoding="UTF-8"?>
<testsuite name="org.openmuc.framework.driver.iec60870.DriverTest" tests="3" skipped="0" failures="0" errors="0" timestamp="2025-02-10T10:43:15" hostname="TEA" time="0.179">
  <properties/>
  <testcase name="testDeviceSettings_OK()" classname="org.openmuc.framework.driver.iec60870.DriverTest" time="0.162"/>
  <testcase name="testDeviceAddress_OK_with_one_option()" classname="org.openmuc.framework.driver.iec60870.DriverTest" time="0.005"/>
  <testcase name="testDeviceAddress_OK()" classname="org.openmuc.framework.driver.iec60870.DriverTest" time="0.01"/>
  <system-out><![CDATA[testDeviceSettings_OK: mft =123;cfl =321;at=1,2,3,36
testDeviceAddress_OK: h=192.168.1.5
testDeviceAddress_OK: p =1265;h =  192.168.1.5;   ca    =5
]]></system-out>
  <system-err><![CDATA[]]></system-err>
</testsuite>
