<?xml version="1.0" encoding="UTF-8"?>
<testsuite name="org.openmuc.framework.datalogger.ascii.test.LogFileReaderTestMultipleFiles" tests="4" skipped="0" failures="0" errors="0" timestamp="2025-02-10T10:42:39" hostname="TEA" time="0.365">
  <properties/>
  <testcase name="tc009_t1_t2_within_available_data_with_three_files()" classname="org.openmuc.framework.datalogger.ascii.test.LogFileReaderTestMultipleFiles" time="0.207"/>
  <testcase name="tc010_test_getValues()" classname="org.openmuc.framework.datalogger.ascii.test.LogFileReaderTestMultipleFiles" time="0.15"/>
  <testcase name="tc_012_test_getLatestFile()" classname="org.openmuc.framework.datalogger.ascii.test.LogFileReaderTestMultipleFiles" time="0.004"/>
  <testcase name="tc_011_test_getAllDataFiles()" classname="org.openmuc.framework.datalogger.ascii.test.LogFileReaderTestMultipleFiles" time="0.001"/>
  <system-out><![CDATA[### Setup() LogFileReaderTestMultipleFiles
### Begin test tc009_t1_t2_within_available_data_with_three_files
tc009_t1_t2_within_available_data_with_three_files records = 1560 (1560 expected); 
tearing down
]]></system-out>
  <system-err><![CDATA[]]></system-err>
</testsuite>
