<?xml version="1.0" encoding="UTF-8"?>
<testsuite name="org.openmuc.framework.datalogger.sql.SqlWriterTest" tests="1" skipped="0" failures="0" errors="0" timestamp="2025-02-10T10:42:56" hostname="TEA" time="0.028">
  <properties/>
  <testcase name="writeEventBasedContainerToDb()" classname="org.openmuc.framework.datalogger.sql.SqlWriterTest" time="0.028"/>
  <system-out><![CDATA[]]></system-out>
  <system-err><![CDATA[]]></system-err>
</testsuite>
