<?xml version="1.0" encoding="UTF-8"?>
<testsuite name="org.openmuc.framework.datalogger.sql.init.TableSetupTest" tests="2" skipped="0" failures="0" errors="0" timestamp="2025-02-10T10:42:56" hostname="TEA" time="0.419">
  <properties/>
  <testcase name="createOpenmucTables()" classname="org.openmuc.framework.datalogger.sql.init.TableSetupTest" time="0.395"/>
  <testcase name="initNewMetaTable()" classname="org.openmuc.framework.datalogger.sql.init.TableSetupTest" time="0.023"/>
  <system-out><![CDATA[]]></system-out>
  <system-err><![CDATA[]]></system-err>
</testsuite>
