<?xml version="1.0" encoding="UTF-8"?>
<testsuite name="org.openmuc.framework.datalogger.sql.SqlReaderTest" tests="1" skipped="0" failures="0" errors="0" timestamp="2025-02-10T10:42:54" hostname="TEA" time="1.704">
  <properties/>
  <testcase name="readLatestRecordFromDb()" classname="org.openmuc.framework.datalogger.sql.SqlReaderTest" time="1.704"/>
  <system-out><![CDATA[]]></system-out>
  <system-err><![CDATA[]]></system-err>
</testsuite>
