<?xml version="1.0" encoding="UTF-8"?>
<testsuite name="org.openmuc.framework.datalogger.mqtt.MqttLogMsgBuilderTest" tests="5" skipped="0" failures="0" errors="0" timestamp="2025-02-10T10:42:49" hostname="TEA" time="0.051">
  <properties/>
  <testcase name="test_logTwoChannels_differentTopic_multipleTrue()" classname="org.openmuc.framework.datalogger.mqtt.MqttLogMsgBuilderTest" time="0.015"/>
  <testcase name="test_logSingleChannel_multipleFalse()" classname="org.openmuc.framework.datalogger.mqtt.MqttLogMsgBuilderTest" time="0.023"/>
  <testcase name="test_logTwoChannels_sameTopic_multipleFalse()" classname="org.openmuc.framework.datalogger.mqtt.MqttLogMsgBuilderTest" time="0.003"/>
  <testcase name="test_logSingleChannel_multipleTrue()" classname="org.openmuc.framework.datalogger.mqtt.MqttLogMsgBuilderTest" time="0.003"/>
  <testcase name="test_logTwoChannels_sameTopic_multipleTrue()" classname="org.openmuc.framework.datalogger.mqtt.MqttLogMsgBuilderTest" time="0.003"/>
  <system-out><![CDATA[]]></system-out>
  <system-err><![CDATA[]]></system-err>
</testsuite>
