<?xml version="1.0" encoding="UTF-8"?>
<testsuite name="org.openmuc.framework.datalogger.mqtt.MqttLoggerTest" tests="2" skipped="2" failures="0" errors="0" timestamp="2025-02-10T10:42:50" hostname="TEA" time="0.004">
  <properties/>
  <testcase name="testDifferentTopics()" classname="org.openmuc.framework.datalogger.mqtt.MqttLoggerTest" time="0.001">
    <skipped/>
  </testcase>
  <testcase name="testFileBuffering()" classname="org.openmuc.framework.datalogger.mqtt.MqttLoggerTest" time="0.001">
    <skipped/>
  </testcase>
  <system-out><![CDATA[]]></system-out>
  <system-err><![CDATA[]]></system-err>
</testsuite>
