<?xml version="1.0" encoding="UTF-8"?>
<testsuite name="org.openmuc.framework.data.RecordTest" tests="4" skipped="0" failures="0" errors="0" timestamp="2025-02-10T10:42:31" hostname="TEA" time="0.063">
  <properties/>
  <testcase name="equalsWorks_recordsEqual()" classname="org.openmuc.framework.data.RecordTest" time="0.043"/>
  <testcase name="hashCodeWorks()" classname="org.openmuc.framework.data.RecordTest" time="0.005"/>
  <testcase name="equalsWorks_recordsNotEqual_differentType()" classname="org.openmuc.framework.data.RecordTest" time="0.011"/>
  <testcase name="equalsWorks_recordsNotEqual_sameType()" classname="org.openmuc.framework.data.RecordTest" time="0.001"/>
  <system-out><![CDATA[]]></system-out>
  <system-err><![CDATA[]]></system-err>
</testsuite>
